-------------------------------------------------------------------------------
Test set: sfgpetclinic2.SfgPetClinic2ApplicationTests
-------------------------------------------------------------------------------
Tests run: 1, Failures: 0, Errors: 1, Skipped: 0, Time elapsed: 2.359 s <<< FAILURE! - in sfgpetclinic2.SfgPetClinic2ApplicationTests
contextLoads  Time elapsed: 0.004 s  <<< ERROR!
java.lang.IllegalStateException: Failed to load ApplicationContext
Caused by: org.springframework.beans.factory.UnsatisfiedDependencyException: Error creating bean with name 'dataLoader' defined in file [C:\Users\dobri\Desktop\sfg-pet-clinic2\sfg-pet-clinic2-web\target\classes\sfgpetclinic2\bootstrap\DataLoader.class]: Unsatisfied dependency expressed through constructor parameter 2; nested exception is org.springframework.beans.factory.NoSuchBeanDefinitionException: No qualifying bean of type 'sfgpetclinic2.services.PetTypeService' available: expected at least 1 bean which qualifies as autowire candidate. Dependency annotations: {}
Caused by: org.springframework.beans.factory.NoSuchBeanDefinitionException: No qualifying bean of type 'sfgpetclinic2.services.PetTypeService' available: expected at least 1 bean which qualifies as autowire candidate. Dependency annotations: {}

